2024-11-23T18:26:12,254 - CPUUtilization.Percent:0.0|#Level:Host|#hostname:synerg,timestamp:1732366572
2024-11-23T18:26:12,260 - DiskAvailable.Gigabytes:75.40888977050781|#Level:Host|#hostname:synerg,timestamp:1732366572
2024-11-23T18:26:12,260 - DiskUsage.Gigabytes:358.57336044311523|#Level:Host|#hostname:synerg,timestamp:1732366572
2024-11-23T18:26:12,261 - DiskUtilization.Percent:82.6|#Level:Host|#hostname:synerg,timestamp:1732366572
2024-11-23T18:26:12,262 - GPUMemoryUtilization.Percent:0.31753786028334147|#Level:Host,DeviceId:0|#hostname:synerg,timestamp:1732366572
2024-11-23T18:26:12,263 - GPUMemoryUsed.Megabytes:52.0|#Level:Host,DeviceId:0|#hostname:synerg,timestamp:1732366572
2024-11-23T18:26:12,263 - GPUUtilization.Percent:0.0|#Level:Host,DeviceId:0|#hostname:synerg,timestamp:1732366572
2024-11-23T18:26:12,264 - MemoryAvailable.Megabytes:50551.09765625|#Level:Host|#hostname:synerg,timestamp:1732366572
2024-11-23T18:26:12,264 - MemoryUsed.Megabytes:12049.62109375|#Level:Host|#hostname:synerg,timestamp:1732366572
2024-11-23T18:26:12,265 - MemoryUtilization.Percent:21.1|#Level:Host|#hostname:synerg,timestamp:1732366572
2024-11-23T18:26:16,597 - WorkerLoadTime.Milliseconds:5269.0|#WorkerName:W-9000-vgg16_1.0,Level:Host|#hostname:synerg,timestamp:1732366576
2024-11-23T18:26:16,599 - WorkerThreadTime.Milliseconds:9.0|#Level:Host|#hostname:synerg,timestamp:1732366576
2024-11-23T18:27:12,365 - CPUUtilization.Percent:7.1|#Level:Host|#hostname:synerg,timestamp:1732366632
2024-11-23T18:27:12,366 - DiskAvailable.Gigabytes:75.40885162353516|#Level:Host|#hostname:synerg,timestamp:1732366632
2024-11-23T18:27:12,366 - DiskUsage.Gigabytes:358.5733985900879|#Level:Host|#hostname:synerg,timestamp:1732366632
2024-11-23T18:27:12,367 - DiskUtilization.Percent:82.6|#Level:Host|#hostname:synerg,timestamp:1732366632
2024-11-23T18:27:12,368 - GPUMemoryUtilization.Percent:7.79799706888129|#Level:Host,DeviceId:0|#hostname:synerg,timestamp:1732366632
2024-11-23T18:27:12,368 - GPUMemoryUsed.Megabytes:1277.0|#Level:Host,DeviceId:0|#hostname:synerg,timestamp:1732366632
2024-11-23T18:27:12,369 - GPUUtilization.Percent:0.0|#Level:Host,DeviceId:0|#hostname:synerg,timestamp:1732366632
2024-11-23T18:27:12,369 - MemoryAvailable.Megabytes:49094.96484375|#Level:Host|#hostname:synerg,timestamp:1732366632
2024-11-23T18:27:12,370 - MemoryUsed.Megabytes:13496.109375|#Level:Host|#hostname:synerg,timestamp:1732366632
2024-11-23T18:27:12,370 - MemoryUtilization.Percent:23.4|#Level:Host|#hostname:synerg,timestamp:1732366632
2024-11-23T18:28:12,320 - CPUUtilization.Percent:7.7|#Level:Host|#hostname:synerg,timestamp:1732366692
2024-11-23T18:28:12,321 - DiskAvailable.Gigabytes:75.4088363647461|#Level:Host|#hostname:synerg,timestamp:1732366692
2024-11-23T18:28:12,321 - DiskUsage.Gigabytes:358.57341384887695|#Level:Host|#hostname:synerg,timestamp:1732366692
2024-11-23T18:28:12,322 - DiskUtilization.Percent:82.6|#Level:Host|#hostname:synerg,timestamp:1732366692
2024-11-23T18:28:12,322 - GPUMemoryUtilization.Percent:7.79799706888129|#Level:Host,DeviceId:0|#hostname:synerg,timestamp:1732366692
2024-11-23T18:28:12,323 - GPUMemoryUsed.Megabytes:1277.0|#Level:Host,DeviceId:0|#hostname:synerg,timestamp:1732366692
2024-11-23T18:28:12,323 - GPUUtilization.Percent:0.0|#Level:Host,DeviceId:0|#hostname:synerg,timestamp:1732366692
2024-11-23T18:28:12,324 - MemoryAvailable.Megabytes:49094.55078125|#Level:Host|#hostname:synerg,timestamp:1732366692
2024-11-23T18:28:12,324 - MemoryUsed.Megabytes:13496.51171875|#Level:Host|#hostname:synerg,timestamp:1732366692
2024-11-23T18:28:12,325 - MemoryUtilization.Percent:23.4|#Level:Host|#hostname:synerg,timestamp:1732366692
2024-11-23T18:29:12,341 - CPUUtilization.Percent:0.0|#Level:Host|#hostname:synerg,timestamp:1732366752
2024-11-23T18:29:12,342 - DiskAvailable.Gigabytes:75.40882873535156|#Level:Host|#hostname:synerg,timestamp:1732366752
2024-11-23T18:29:12,343 - DiskUsage.Gigabytes:358.5734214782715|#Level:Host|#hostname:synerg,timestamp:1732366752
2024-11-23T18:29:12,343 - DiskUtilization.Percent:82.6|#Level:Host|#hostname:synerg,timestamp:1732366752
2024-11-23T18:29:12,344 - GPUMemoryUtilization.Percent:7.79799706888129|#Level:Host,DeviceId:0|#hostname:synerg,timestamp:1732366752
2024-11-23T18:29:12,344 - GPUMemoryUsed.Megabytes:1277.0|#Level:Host,DeviceId:0|#hostname:synerg,timestamp:1732366752
2024-11-23T18:29:12,345 - GPUUtilization.Percent:0.0|#Level:Host,DeviceId:0|#hostname:synerg,timestamp:1732366752
2024-11-23T18:29:12,345 - MemoryAvailable.Megabytes:49190.26953125|#Level:Host|#hostname:synerg,timestamp:1732366752
2024-11-23T18:29:12,346 - MemoryUsed.Megabytes:13400.8046875|#Level:Host|#hostname:synerg,timestamp:1732366752
2024-11-23T18:29:12,346 - MemoryUtilization.Percent:23.2|#Level:Host|#hostname:synerg,timestamp:1732366752
2024-11-23T18:34:58,645 - CPUUtilization.Percent:0.0|#Level:Host|#hostname:synerg,timestamp:1732367098
2024-11-23T18:34:58,650 - DiskAvailable.Gigabytes:75.40878295898438|#Level:Host|#hostname:synerg,timestamp:1732367098
2024-11-23T18:34:58,650 - DiskUsage.Gigabytes:358.5734672546387|#Level:Host|#hostname:synerg,timestamp:1732367098
2024-11-23T18:34:58,651 - DiskUtilization.Percent:82.6|#Level:Host|#hostname:synerg,timestamp:1732367098
2024-11-23T18:34:58,652 - GPUMemoryUtilization.Percent:0.12212994626282364|#Level:Host,DeviceId:0|#hostname:synerg,timestamp:1732367098
2024-11-23T18:34:58,652 - GPUMemoryUsed.Megabytes:20.0|#Level:Host,DeviceId:0|#hostname:synerg,timestamp:1732367098
2024-11-23T18:34:58,653 - GPUUtilization.Percent:0.0|#Level:Host,DeviceId:0|#hostname:synerg,timestamp:1732367098
2024-11-23T18:34:58,653 - MemoryAvailable.Megabytes:50625.4453125|#Level:Host|#hostname:synerg,timestamp:1732367098
2024-11-23T18:34:58,654 - MemoryUsed.Megabytes:11983.64453125|#Level:Host|#hostname:synerg,timestamp:1732367098
2024-11-23T18:34:58,654 - MemoryUtilization.Percent:21.0|#Level:Host|#hostname:synerg,timestamp:1732367098
2024-11-23T18:35:03,049 - WorkerLoadTime.Milliseconds:5371.0|#WorkerName:W-9000-vgg16_1.0,Level:Host|#hostname:synerg,timestamp:1732367103
2024-11-23T18:35:03,051 - WorkerThreadTime.Milliseconds:9.0|#Level:Host|#hostname:synerg,timestamp:1732367103
2024-11-23T18:35:58,693 - CPUUtilization.Percent:7.7|#Level:Host|#hostname:synerg,timestamp:1732367158
2024-11-23T18:35:58,693 - DiskAvailable.Gigabytes:75.40874099731445|#Level:Host|#hostname:synerg,timestamp:1732367158
2024-11-23T18:35:58,694 - DiskUsage.Gigabytes:358.5735092163086|#Level:Host|#hostname:synerg,timestamp:1732367158
2024-11-23T18:35:58,695 - DiskUtilization.Percent:82.6|#Level:Host|#hostname:synerg,timestamp:1732367158
2024-11-23T18:35:58,695 - GPUMemoryUtilization.Percent:7.114069369809477|#Level:Host,DeviceId:0|#hostname:synerg,timestamp:1732367158
2024-11-23T18:35:58,696 - GPUMemoryUsed.Megabytes:1165.0|#Level:Host,DeviceId:0|#hostname:synerg,timestamp:1732367158
2024-11-23T18:35:58,696 - GPUUtilization.Percent:0.0|#Level:Host,DeviceId:0|#hostname:synerg,timestamp:1732367158
2024-11-23T18:35:58,697 - MemoryAvailable.Megabytes:49137.203125|#Level:Host|#hostname:synerg,timestamp:1732367158
2024-11-23T18:35:58,697 - MemoryUsed.Megabytes:13453.88671875|#Level:Host|#hostname:synerg,timestamp:1732367158
2024-11-23T18:35:58,698 - MemoryUtilization.Percent:23.3|#Level:Host|#hostname:synerg,timestamp:1732367158
